<?xml version="1.0" encoding="UTF-8"?>
<!-- Generated by org.testng.reporters.JUnitReportReporter -->
<testsuite hostname="DESKTOP-LCI2JQ2" failures="0" tests="1" name="project1package.project1bclass" time="0.054" errors="0" timestamp="2022-09-29T13:10:32 IST" skipped="0">
  <testcase classname="project1package.project1bclass" name="newdemo2" time="0.054"/>
  <system-out/>
</testsuite> <!-- project1package.project1bclass -->
