<?xml version="1.0" encoding="UTF-8"?>
<!-- Generated by org.testng.reporters.JUnitReportReporter -->
<testsuite hostname="DESKTOP-LCI2JQ2" failures="0" tests="1" name="project1package.project1cclass" time="0.061" errors="0" timestamp="2022-09-29T13:10:49 IST" skipped="0">
  <testcase classname="project1package.project1cclass" name="newdemo3" time="0.061"/>
  <system-out/>
</testsuite> <!-- project1package.project1cclass -->
