<?xml version="1.0" encoding="UTF-8"?>
<!-- Generated by org.testng.reporters.JUnitReportReporter -->
<testsuite hostname="DESKTOP-LCI2JQ2" failures="0" tests="1" name="project1package.project1aclass" time="0.087" errors="0" timestamp="2022-09-29T13:10:13 IST" skipped="0">
  <testcase classname="project1package.project1aclass" name="newdemo1" time="0.087"/>
  <system-out/>
</testsuite> <!-- project1package.project1aclass -->
